<?xml version="1.0" encoding="UTF-8"?>
<!-- Generated by org.testng.reporters.JUnitReportReporter -->
<testsuite skipped="0" hostname="Laxmi-PC" name="com.ineeditweb.testcases.LoginPopupTest" tests="1" failures="0" timestamp="09 Jul 2019 12:43:23 GMT" time="21.204" errors="0">
  <testcase name="loginPopupTest" time="21.204" classname="com.ineeditweb.testcases.LoginPopupTest"/>
</testsuite> <!-- com.ineeditweb.testcases.LoginPopupTest -->
