<?xml version="1.0" encoding="UTF-8"?>
<!-- Generated by org.testng.reporters.JUnitReportReporter -->
<testsuite skipped="0" hostname="Laxmi-PC" name="com.ineeditweb.testcases.HomePageTest" tests="1" failures="0" timestamp="09 Jul 2019 12:43:23 GMT" time="3.222" errors="0">
  <testcase name="homePageTest" time="3.222" classname="com.ineeditweb.testcases.HomePageTest"/>
</testsuite> <!-- com.ineeditweb.testcases.HomePageTest -->
