<?xml version="1.0" encoding="UTF-8"?>
<!-- Generated by org.testng.reporters.JUnitReportReporter -->
<testsuite skipped="0" hostname="Laxmi-PC" name="com.ineeditweb.testcases.SubmitRequestPageTest" tests="1" failures="0" timestamp="09 Jul 2019 12:43:23 GMT" time="0.917" errors="0">
  <testcase name="submitRequestPageTest" time="0.917" classname="com.ineeditweb.testcases.SubmitRequestPageTest"/>
</testsuite> <!-- com.ineeditweb.testcases.SubmitRequestPageTest -->
