<?xml version="1.0" encoding="UTF-8"?>
<!-- Generated by org.testng.reporters.JUnitReportReporter -->
<testsuite skipped="0" hostname="Laxmi-PC" name="com.ineeditweb.testcases.RoutingMenuPageTest" tests="1" failures="0" timestamp="09 Jul 2019 12:43:23 GMT" time="7.355" errors="0">
  <testcase name="routingMenuPageTest" time="7.355" classname="com.ineeditweb.testcases.RoutingMenuPageTest"/>
</testsuite> <!-- com.ineeditweb.testcases.RoutingMenuPageTest -->
