<?xml version="1.0" encoding="UTF-8"?>
<!-- Generated by org.testng.reporters.JUnitReportReporter -->
<testsuite skipped="0" hostname="Laxmi-PC" name="com.ineeditweb.testcases.LocationPageTest" tests="1" failures="0" timestamp="09 Jul 2019 12:43:23 GMT" time="6.679" errors="0">
  <testcase name="locationPageTest" time="6.679" classname="com.ineeditweb.testcases.LocationPageTest"/>
</testsuite> <!-- com.ineeditweb.testcases.LocationPageTest -->
